<?xml version="1.0" encoding="UTF-8"?>
<testsuite xmlns:xsi="http://www.w3.org/2001/XMLSchema-instance" xsi:noNamespaceSchemaLocation="https://maven.apache.org/surefire/maven-surefire-plugin/xsd/surefire-test-report-3.0.xsd" version="3.0" name="TestSuite" time="64.844" tests="2" errors="0" skipped="0" failures="0">
  <properties>
[...]
</properties>
  <testcase name="logintoROCPS" classname="com.murlee.test.LoginToAppTC01" time="20.08"/>
  <testcase name="NavigateToROCPS" classname="com.murlee.test.TC02NavigateToScreen" time="34.892"/>
</testsuite>