<?xml version="1.0" encoding="UTF-8"?>
<!-- Generated by org.testng.reporters.JUnitXMLReporter -->
<testsuite ignored="1" hostname="Aathi" failures="0" tests="2" name="My Login" time="64.259" errors="0" timestamp="2024-01-07T12:50:00 IST">
  <testcase classname="com.murlee.test.LoginToAppTC01" name="logintoROCPS" time="20.077"/>
  <testcase classname="com.murlee.test.TC02NavigateToScreen" name="NavigateToROCPS" time="34.891"/>
  <testcase classname="com.murlee.base.ProjectHooks" name="@BeforeSuite initSuite" time="0.0">
    <ignored/>
  </testcase> <!-- @BeforeSuite initSuite -->
</testsuite> <!-- My Login -->
