<?xml version="1.0" encoding="UTF-8"?>
<testng-results ignored="1" total="3" passed="2" failed="0" skipped="0">
  <reporter-output>
  </reporter-output>
  <suite started-at="2024-01-07T12:33:34 IST" name="Murlee&#039;s ROCPS" finished-at="2024-01-07T12:34:44 IST" duration-ms="69737">
    <groups>
    </groups>
    <test started-at="2024-01-07T12:33:34 IST" name="My Login" finished-at="2024-01-07T12:34:44 IST" duration-ms="69737">
      <class name="com.murlee.test.TC02NavigateToScreen">
        <test-method is-config="true" signature="setReportValues()[pri:0, instance:com.murlee.test.TC02NavigateToScreen@1cbbffcd]" started-at="2024-01-07T12:33:34 IST" name="setReportValues" finished-at="2024-01-07T12:33:34 IST" duration-ms="0" status="PASS">
          <reporter-output>
          </reporter-output>
        </test-method> <!-- setReportValues -->
        <test-method is-config="true" signature="startTestCaseReporting()[pri:0, instance:com.murlee.test.TC02NavigateToScreen@1cbbffcd]" started-at="2024-01-07T12:34:06 IST" name="startTestCaseReporting" finished-at="2024-01-07T12:34:06 IST" duration-ms="1" status="PASS">
          <reporter-output>
          </reporter-output>
        </test-method> <!-- startTestCaseReporting -->
        <test-method is-config="true" signature="init()[pri:0, instance:com.murlee.test.TC02NavigateToScreen@1cbbffcd]" started-at="2024-01-07T12:34:06 IST" name="init" finished-at="2024-01-07T12:34:09 IST" duration-ms="2981" status="PASS">
          <reporter-output>
          </reporter-output>
        </test-method> <!-- init -->
        <test-method signature="NavigateToROCPS()[pri:0, instance:com.murlee.test.TC02NavigateToScreen@1cbbffcd]" started-at="2024-01-07T12:34:09 IST" name="NavigateToROCPS" finished-at="2024-01-07T12:34:44 IST" duration-ms="35002" status="PASS">
          <reporter-output>
          </reporter-output>
        </test-method> <!-- NavigateToROCPS -->
        <test-method is-config="true" signature="tearDown()[pri:0, instance:com.murlee.test.TC02NavigateToScreen@1cbbffcd]" started-at="2024-01-07T12:34:44 IST" name="tearDown" finished-at="2024-01-07T12:34:44 IST" duration-ms="315" status="PASS">
          <reporter-output>
          </reporter-output>
        </test-method> <!-- tearDown -->
      </class> <!-- com.murlee.test.TC02NavigateToScreen -->
      <class name="com.murlee.test.LoginToAppTC01">
        <test-method is-config="true" signature="initSuite()[pri:0, instance:com.murlee.test.LoginToAppTC01@3d74bf60]" started-at="2024-01-07T12:33:34 IST" name="initSuite" finished-at="2024-01-07T12:33:34 IST" duration-ms="175" status="PASS">
          <reporter-output>
          </reporter-output>
        </test-method> <!-- initSuite -->
        <test-method is-config="true" signature="setReportValues()[pri:0, instance:com.murlee.test.LoginToAppTC01@3d74bf60]" started-at="2024-01-07T12:33:34 IST" name="setReportValues" finished-at="2024-01-07T12:33:34 IST" duration-ms="0" status="PASS">
          <reporter-output>
          </reporter-output>
        </test-method> <!-- setReportValues -->
        <test-method is-config="true" signature="startTestCaseReporting()[pri:0, instance:com.murlee.test.LoginToAppTC01@3d74bf60]" started-at="2024-01-07T12:33:34 IST" name="startTestCaseReporting" finished-at="2024-01-07T12:33:34 IST" duration-ms="7" status="PASS">
          <reporter-output>
          </reporter-output>
        </test-method> <!-- startTestCaseReporting -->
        <test-method is-config="true" signature="init()[pri:0, instance:com.murlee.test.LoginToAppTC01@3d74bf60]" started-at="2024-01-07T12:33:34 IST" name="init" finished-at="2024-01-07T12:33:45 IST" duration-ms="10397" status="PASS">
          <reporter-output>
          </reporter-output>
        </test-method> <!-- init -->
        <test-method signature="logintoROCPS()[pri:0, instance:com.murlee.test.LoginToAppTC01@3d74bf60]" started-at="2024-01-07T12:33:45 IST" name="logintoROCPS" finished-at="2024-01-07T12:34:05 IST" duration-ms="20504" status="PASS">
          <reporter-output>
          </reporter-output>
        </test-method> <!-- logintoROCPS -->
        <test-method is-config="true" signature="tearDown()[pri:0, instance:com.murlee.test.LoginToAppTC01@3d74bf60]" started-at="2024-01-07T12:34:05 IST" name="tearDown" finished-at="2024-01-07T12:34:06 IST" duration-ms="502" status="PASS">
          <reporter-output>
          </reporter-output>
        </test-method> <!-- tearDown -->
      </class> <!-- com.murlee.test.LoginToAppTC01 -->
    </test> <!-- My Login -->
  </suite> <!-- Murlee's ROCPS -->
</testng-results>
