<?xml version="1.0" encoding="UTF-8"?>
<testng-results ignored="0" total="1" passed="1" failed="0" skipped="0">
  <reporter-output>
  </reporter-output>
  <suite started-at="2024-05-22T17:22:51 IST" name="Murlee&#039;s ROCPS" finished-at="2024-05-22T17:23:18 IST" duration-ms="26940">
    <groups>
    </groups>
    <test started-at="2024-05-22T17:22:51 IST" name="My Login" finished-at="2024-05-22T17:23:18 IST" duration-ms="26940">
      <class name="com.murlee.test.LoginToAppTC01">
        <test-method is-config="true" signature="initSuite()[pri:0, instance:com.murlee.test.LoginToAppTC01@67f639d3]" started-at="2024-05-22T17:22:51 IST" name="initSuite" finished-at="2024-05-22T17:22:51 IST" duration-ms="215" status="PASS">
          <reporter-output>
          </reporter-output>
        </test-method> <!-- initSuite -->
        <test-method is-config="true" signature="setReportValues()[pri:0, instance:com.murlee.test.LoginToAppTC01@67f639d3]" started-at="2024-05-22T17:22:51 IST" name="setReportValues" finished-at="2024-05-22T17:22:51 IST" duration-ms="1" status="PASS">
          <reporter-output>
          </reporter-output>
        </test-method> <!-- setReportValues -->
        <test-method is-config="true" signature="startTestCaseReporting()[pri:0, instance:com.murlee.test.LoginToAppTC01@67f639d3]" started-at="2024-05-22T17:22:51 IST" name="startTestCaseReporting" finished-at="2024-05-22T17:22:51 IST" duration-ms="10" status="PASS">
          <reporter-output>
          </reporter-output>
        </test-method> <!-- startTestCaseReporting -->
        <test-method is-config="true" signature="init()[pri:0, instance:com.murlee.test.LoginToAppTC01@67f639d3]" started-at="2024-05-22T17:22:51 IST" name="init" finished-at="2024-05-22T17:22:56 IST" duration-ms="5507" status="PASS">
          <reporter-output>
          </reporter-output>
        </test-method> <!-- init -->
        <test-method signature="logintoROCPS()[pri:0, instance:com.murlee.test.LoginToAppTC01@67f639d3]" started-at="2024-05-22T17:22:56 IST" name="logintoROCPS" finished-at="2024-05-22T17:23:17 IST" duration-ms="20623" status="PASS">
          <reporter-output>
          </reporter-output>
        </test-method> <!-- logintoROCPS -->
        <test-method is-config="true" signature="tearDown()[pri:0, instance:com.murlee.test.LoginToAppTC01@67f639d3]" started-at="2024-05-22T17:23:17 IST" name="tearDown" finished-at="2024-05-22T17:23:18 IST" duration-ms="575" status="PASS">
          <reporter-output>
          </reporter-output>
        </test-method> <!-- tearDown -->
        <test-method is-config="true" signature="afterSuite()[pri:0, instance:com.murlee.test.LoginToAppTC01@67f639d3]" started-at="2024-05-22T17:23:18 IST" name="afterSuite" finished-at="2024-05-22T17:23:18 IST" duration-ms="220" status="FAIL">
          <exception class="java.lang.NullPointerException">
            <message>
              <![CDATA[Cannot invoke "com.microsoft.playwright.Page.screenshot()" because the return value of "com.murlee.base.HTMLReporter.getPage()" is null]]>
            </message>
            <full-stacktrace>
              <![CDATA[java.lang.NullPointerException: Cannot invoke "com.microsoft.playwright.Page.screenshot()" because the return value of "com.murlee.base.HTMLReporter.getPage()" is null
at com.murlee.base.HTMLReporter.ReportStep(HTMLReporter.java:100)
at com.murlee.base.HTMLReporter.ReportStep(HTMLReporter.java:89)
at com.murlee.helpers.SendEmailHelper.sendMail(SendEmailHelper.java:70)
at com.murlee.utility.EmailUtility.sendMail(EmailUtility.java:28)
at com.murlee.base.ProjectHooks.afterSuite(ProjectHooks.java:96)
at java.base/jdk.internal.reflect.DirectMethodHandleAccessor.invoke(DirectMethodHandleAccessor.java:104)
at java.base/java.lang.reflect.Method.invoke(Method.java:578)
at org.testng.internal.invokers.MethodInvocationHelper.invokeMethod(MethodInvocationHelper.java:136)
at org.testng.internal.invokers.MethodInvocationHelper.invokeMethodConsideringTimeout(MethodInvocationHelper.java:65)
at org.testng.internal.invokers.ConfigInvoker.invokeConfigurationMethod(ConfigInvoker.java:381)
at org.testng.internal.invokers.ConfigInvoker.invokeConfigurations(ConfigInvoker.java:319)
at org.testng.SuiteRunner.privateRun(SuiteRunner.java:396)
at org.testng.SuiteRunner.run(SuiteRunner.java:326)
at org.testng.SuiteRunnerWorker.runSuite(SuiteRunnerWorker.java:52)
at org.testng.SuiteRunnerWorker.run(SuiteRunnerWorker.java:95)
at org.testng.TestNG.runSuitesSequentially(TestNG.java:1249)
at org.testng.TestNG.runSuitesLocally(TestNG.java:1169)
at org.testng.TestNG.runSuites(TestNG.java:1092)
at org.testng.TestNG.run(TestNG.java:1060)
at org.testng.remote.AbstractRemoteTestNG.run(AbstractRemoteTestNG.java:115)
at org.testng.remote.RemoteTestNG.initAndRun(RemoteTestNG.java:251)
at org.testng.remote.RemoteTestNG.main(RemoteTestNG.java:77)
]]>
            </full-stacktrace>
          </exception> <!-- java.lang.NullPointerException -->
          <reporter-output>
          </reporter-output>
        </test-method> <!-- afterSuite -->
      </class> <!-- com.murlee.test.LoginToAppTC01 -->
    </test> <!-- My Login -->
  </suite> <!-- Murlee's ROCPS -->
</testng-results>
